=== Piper TTS Setup Started ===
10:57 AM Wednesday, June 25, 2025
[2025-06-25 10:57:00] Initializing Installation Wizard
[2025-06-25 10:57:00] Created temp directory: C:\Users\yosef_H4\AppData\Local\Temp\PiperTTSSetup
[2025-06-25 10:57:00] Starting wizard
[2025-06-25 10:57:00] Checking dependencies
[2025-06-25 10:57:00] Found dependency: piper
[2025-06-25 10:57:00] Found dependency: ffmpeg
=== Piper TTS Setup Started ===
10:57 AM Wednesday, June 25, 2025
[2025-06-25 10:57:07] Initializing Installation Wizard
[2025-06-25 10:57:07] Created temp directory: C:\Users\yosef_H4\AppData\Local\Temp\PiperTTSSetup
[2025-06-25 10:57:07] Starting wizard
[2025-06-25 10:57:07] Checking dependencies
[2025-06-25 10:57:07] Missing dependency: piper
[2025-06-25 10:57:07] Found dependency: ffmpeg
[2025-06-25 10:57:07] Found 1 missing dependencies
[2025-06-25 10:57:07] Creating wizard GUI
[2025-06-25 10:57:07] GUI created successfully
[2025-06-25 10:57:07] Showing panel 1
[2025-06-25 10:57:09] Showing panel 2
[2025-06-25 10:57:12] Showing panel 3
[2025-06-25 10:57:12] Starting installation process
[2025-06-25 10:57:12] Installing dependency: piper
[2025-06-25 10:57:12] Downloading to: C:\Users\yosef_H4\AppData\Local\Temp\PiperTTSSetup\piper_download.zip
[2025-06-25 10:57:15] Extracting: C:\Users\yosef_H4\AppData\Local\Temp\PiperTTSSetup\piper_download.zip
[2025-06-25 10:57:15] Trying extraction with tar
[2025-06-25 10:57:16] Moving extracted files for: piper
[2025-06-25 10:57:16] Moved piper.exe to: Z:\files\ahk\piper\piper\piper.exe
[2025-06-25 10:57:16] Successfully installed: piper
[2025-06-25 10:57:16] Installation completed successfully
[2025-06-25 10:57:16] Showing panel 4
[2025-06-25 10:57:16] Installing dependency: piper
[2025-06-25 10:57:16] Downloading to: C:\Users\yosef_H4\AppData\Local\Temp\PiperTTSSetup\piper_download.zip
[2025-06-25 10:57:18] Cleaning up resources
[2025-06-25 10:57:19] Warning: Could not clean up temp directory
[2025-06-25 10:57:19] === Setup Completed ===
